[0712/075804.447:ERROR:process_info.cc(98)] ReadProcessMemory UNICODE_STRING: Запрос ReadProcessMemory или WriteProcessMemory был выполнен только частично. (0x12B)
[0712/075804.619:ERROR:process_info.cc(329)] VirtualQueryEx: Отказано в доступе. (0x5)
[0712/075804.619:ERROR:process_info.cc(556)] ReadMemoryInfo failed
[0712/075804.744:ERROR:process_reader_win.cc(108)] process 8112 not found
[0712/075804.744:ERROR:exception_snapshot_win.cc(98)] thread ID 226428 not found in process
[0712/075804.306:ERROR:process_reader_win.cc(123)] NtOpenThread: {Отказано в доступе} Процесс запросил доступ к объекту, но права на доступ не предоставлены. (0xc0000022)
[0712/075804.775:ERROR:exception_snapshot_win.cc(98)] thread ID 165580 not found in process
[0712/075804.634:ERROR:process_reader_win.cc(123)] NtOpenThread: {Отказано в доступе} Процесс запросил доступ к объекту, но права на доступ не предоставлены. (0xc0000022)
[0712/075804.603:ERROR:scoped_process_suspend.cc(40)] NtResumeProcess: Попытка доступа к процессу, выполняющему процедуру завершения. (0xc000010a)
[0712/075804.650:ERROR:process_reader_win.cc(123)] NtOpenThread: {Отказано в доступе} Процесс запросил доступ к объекту, но права на доступ не предоставлены. (0xc0000022)
[0712/075804.775:ERROR:exception_snapshot_win.cc(98)] thread ID 212052 not found in process
[0712/075804.619:ERROR:scoped_process_suspend.cc(40)] NtResumeProcess: Попытка доступа к процессу, выполняющему процедуру завершения. (0xc000010a)
[0712/075804.650:ERROR:process_reader_win.cc(123)] NtOpenThread: {Отказано в доступе} Процесс запросил доступ к объекту, но права на доступ не предоставлены. (0xc0000022)
[0712/075804.775:ERROR:exception_snapshot_win.cc(98)] thread ID 224504 not found in process
[0712/075804.775:ERROR:exception_snapshot_win.cc(98)] thread ID 224068 not found in process
[0712/075804.744:ERROR:scoped_process_suspend.cc(40)] NtResumeProcess: Попытка доступа к процессу, выполняющему процедуру завершения. (0xc000010a)
[0712/075804.103:ERROR:scoped_process_suspend.cc(31)] NtSuspendProcess: Попытка доступа к процессу, выполняющему процедуру завершения. (0xc000010a)
[0712/075804.775:ERROR:process_info.cc(118)] ReadProcessMemory bool __cdecl crashpad::(anonymous namespace)::ReadStruct(HANDLE, crashpad::WinVMAddress, T *) [T = crashpad::process_types::PEB<crashpad::process_types::internal::Traits64>]: Запрос ReadProcessMemory или WriteProcessMemory был выполнен только частично. (0x12B)
[0712/075804.775:ERROR:process_info.cc(551)] ReadProcessData failed
[0712/075804.791:ERROR:process_reader_win.cc(123)] NtOpenThread: {Отказано в доступе} Процесс запросил доступ к объекту, но права на доступ не предоставлены. (0xc0000022)
[0712/075804.791:ERROR:exception_snapshot_win.cc(98)] thread ID 226776 not found in process
[0712/075804.791:ERROR:process_reader_win.cc(123)] NtOpenThread: {Отказано в доступе} Процесс запросил доступ к объекту, но права на доступ не предоставлены. (0xc0000022)
[0712/075804.791:ERROR:exception_snapshot_win.cc(98)] thread ID 227612 not found in process
